<?xml version="1.0" encoding="UTF-8"?>
<!-- Generated by org.testng.reporters.JUnitReportReporter -->
<testsuite hostname="DESKTOP-8NBBR1Q" failures="0" tests="4" name="api.testcases.UserTest" time="12.042" errors="0" timestamp="2024-04-17T00:56:00 IST" skipped="0">
  <testcase classname="api.testcases.UserTest" name="testCreateUser" time="5.942"/>
  <system-out/>
  <testcase classname="api.testcases.UserTest" name="testGetUserData" time="1.608"/>
  <system-out/>
  <testcase classname="api.testcases.UserTest" name="testUpdateUser" time="3.033"/>
  <system-out/>
  <testcase classname="api.testcases.UserTest" name="testDeleteUser" time="1.459"/>
  <system-out/>
</testsuite> <!-- api.testcases.UserTest -->
