<?xml version="1.0" encoding="UTF-8"?>
<!-- Generated by org.testng.reporters.JUnitReportReporter -->
<testsuite hostname="DESKTOP-8NBBR1Q" failures="0" tests="1" name="api.testcases.UserTest2" time="4.455" errors="0" timestamp="2023-10-22T14:50:05 IST" skipped="0">
  <testcase classname="api.testcases.UserTest2" name="testCreateUser" time="4.455"/>
  <system-out/>
</testsuite> <!-- api.testcases.UserTest2 -->
